<?xml version="1.0" encoding="UTF-8"?>
<testng-results skipped="0" failed="0" ignored="0" total="1" passed="1">
  <reporter-output>
  </reporter-output>
  <suite name="Default suite" duration-ms="16" started-at="2021-04-06T03:45:51Z" finished-at="2021-04-06T03:45:51Z">
    <groups>
    </groups>
    <test name="Default test" duration-ms="16" started-at="2021-04-06T03:45:51Z" finished-at="2021-04-06T03:45:51Z">
      <class name="PeginationHelperUnitTest">
        <test-method status="PASS" signature="test()[pri:0, instance:PeginationHelperUnitTest@48eff760]" name="test" duration-ms="0" started-at="2021-04-06T03:45:51Z" finished-at="2021-04-06T03:45:51Z">
          <reporter-output>
          </reporter-output>
        </test-method> <!-- test -->
      </class> <!-- PeginationHelperUnitTest -->
    </test> <!-- Default test -->
  </suite> <!-- Default suite -->
</testng-results>
